
SQL*Loader: Release 11.2.0.2.0 - Production on Mon Jun 24 10:56:22 2024

Copyright (c) 1982, 2009, Oracle and/or its affiliates.  All rights reserved.

Control File:   D:\hr_system\HRBackend\sql\at_emp_time.ctl
Data File:      D:\hr_system\HRBackend\sql\attend.csv
  Bad File:     D:\hr_system\HRBackend\sql\attend.bad
  Discard File:  none specified
 
 (Allow all discards)

Number to load: ALL
Number to skip: 1
Errors allowed: 50
Bind array:     64 rows, maximum of 256000 bytes
Continuation:    none specified
Path used:      Conventional

Table AT_EMP_TIME, loaded from every logical record.
Insert option in effect for this table: APPEND

   Column Name                  Position   Len  Term Encl Datatype
------------------------------ ---------- ----- ---- ---- ---------------------
CARD_ID                             FIRST     *   ,       CHARACTER            
EMP_NAME                             NEXT     *   ,       CHARACTER            
DATE_DAY                             NEXT     *   ,       CHARACTER            
    SQL string for column : "to_date(:date_day,'YYYY/MM/dd')"
CLOCK_IN                             NEXT     *   ,       CHARACTER            
CLOCK_OUT                            NEXT     *   ,       CHARACTER            
LATE                                 NEXT     *   ,       CHARACTER            
EARLY                                NEXT     *   ,       CHARACTER            
ABSENT_FLAG                          NEXT     *   ,       CHARACTER            
REMARKS                              NEXT     *   ,       CHARACTER            
TRANS_AMT                            NEXT     *   ,       CHARACTER            
COMPANY_NAME                         NEXT     *   ,       CHARACTER            


Table AT_EMP_TIME:
  2156 Rows successfully loaded.
  0 Rows not loaded due to data errors.
  0 Rows not loaded because all WHEN clauses were failed.
  0 Rows not loaded because all fields were null.


Space allocated for bind array:                 181632 bytes(64 rows)
Read   buffer bytes: 1048576

Total logical records skipped:          1
Total logical records read:          2156
Total logical records rejected:         0
Total logical records discarded:        0

Run began on Mon Jun 24 10:56:22 2024
Run ended on Mon Jun 24 10:56:22 2024

Elapsed time was:     00:00:00.20
CPU time was:         00:00:00.06
